<?xml version="1.0" encoding="UTF-8"?>
<!-- Generated by org.testng.reporters.JUnitReportReporter -->
<testsuite hostname="DESKTOP-JTO60IK" failures="0" tests="4" name="Tests.LoginTest" time="18.080" errors="0" timestamp="2025-06-04T17:10:27 IST" skipped="0">
  <testcase classname="Tests.LoginTest" name="testloginWithInvalidCredentials" time="8.783"/>
  <testcase classname="Tests.LoginTest" name="testLoginWithInvalidPassword" time="2.604"/>
  <testcase classname="Tests.LoginTest" name="testLoginWithInvalidUserName" time="3.184"/>
  <testcase classname="Tests.LoginTest" name="testloginWithValidCredentials" time="3.509"/>
</testsuite> <!-- Tests.LoginTest -->
