<?xml version="1.0" encoding="UTF-8"?>
<!-- Generated by org.testng.reporters.JUnitReportReporter -->
<testsuite hostname="DESKTOP-JTO60IK" failures="0" tests="4" name="Tests.PhotographTest" time="73.346" errors="0" timestamp="2025-06-04T17:05:18 IST" skipped="0">
  <testcase classname="Tests.PhotographTest" name="testProfilePictureUploadWithUnsupportedFormat" time="16.245"/>
  <testcase classname="Tests.PhotographTest" name="testProfilePictureUploadWithExceededSize" time="16.783"/>
  <testcase classname="Tests.PhotographTest" name="testProfilePictureUpload" time="24.129"/>
  <testcase classname="Tests.PhotographTest" name="testProfilePicturePersistsAfterRelogin" time="16.189"/>
</testsuite> <!-- Tests.PhotographTest -->
