<?xml version="1.0" encoding="UTF-8"?>
<!-- Generated by org.testng.reporters.JUnitReportReporter -->
<testsuite hostname="DESKTOP-JTO60IK" failures="0" tests="2" name="Tests.LogoutTest" time="7.377" errors="0" timestamp="2025-06-05T13:00:44 IST" skipped="0">
  <testcase classname="Tests.LogoutTest" name="verifyLogoutButtonVisibility" time="0.241"/>
  <testcase classname="Tests.LogoutTest" name="logoutfromApplication" time="7.136"/>
</testsuite> <!-- Tests.LogoutTest -->
