<?xml version="1.0" encoding="UTF-8"?>
<!-- Generated by org.testng.reporters.JUnitReportReporter -->
<testsuite hostname="DESKTOP-JTO60IK" failures="0" tests="4" name="Tests.LoginTest" time="24.397" errors="0" timestamp="2025-06-05T13:00:44 IST" skipped="0">
  <testcase classname="Tests.LoginTest" name="testloginWithInvalidCredentials" time="9.049"/>
  <testcase classname="Tests.LoginTest" name="testLoginWithInvalidPassword" time="5.368"/>
  <testcase classname="Tests.LoginTest" name="testLoginWithInvalidUserName" time="4.797"/>
  <testcase classname="Tests.LoginTest" name="testloginWithValidCredentials" time="5.183"/>
</testsuite> <!-- Tests.LoginTest -->
