<?xml version="1.0" encoding="UTF-8"?>
<!-- Generated by org.testng.reporters.JUnitReportReporter -->
<testsuite hostname="DESKTOP-JTO60IK" failures="0" tests="4" name="Tests.PersonalDetailsTest" time="62.788" errors="0" timestamp="2025-06-05T13:00:44 IST" skipped="0">
  <testcase classname="Tests.PersonalDetailsTest" name="PersonalDetailFieldsAreEditable" time="8.497"/>
  <testcase classname="Tests.PersonalDetailsTest" name="UploadAttachment" time="37.889"/>
  <testcase classname="Tests.PersonalDetailsTest" name="DownloadAttachment" time="6.245"/>
  <testcase classname="Tests.PersonalDetailsTest" name="DeleteAttachment" time="10.157"/>
</testsuite> <!-- Tests.PersonalDetailsTest -->
