<?xml version="1.0" encoding="UTF-8"?>
<!-- Generated by org.testng.reporters.JUnitReportReporter -->
<testsuite hostname="DESKTOP-JTO60IK" failures="0" tests="4" name="Tests.PhotographTest" time="76.932" errors="0" timestamp="2025-06-05T13:00:44 IST" skipped="0">
  <testcase classname="Tests.PhotographTest" name="testProfilePictureUploadWithUnsupportedFormat" time="16.949"/>
  <testcase classname="Tests.PhotographTest" name="testProfilePictureUploadWithExceededSize" time="19.253"/>
  <testcase classname="Tests.PhotographTest" name="testProfilePictureUpload" time="23.348"/>
  <testcase classname="Tests.PhotographTest" name="testProfilePicturePersistsAfterRelogin" time="17.382"/>
</testsuite> <!-- Tests.PhotographTest -->
